Symlinking /home/aman/depowdering_ws/devel/include/realsense_cam/SaveOneRGBResponse.h
Symlinking /home/aman/depowdering_ws/devel/include/realsense_cam/SaveOnePCLRequest.h
Symlinking /home/aman/depowdering_ws/devel/include/realsense_cam/FindWorkspaceCenterRequest.h
Symlinking /home/aman/depowdering_ws/devel/include/realsense_cam/FetchOneDepthRequest.h
Symlinking /home/aman/depowdering_ws/devel/include/realsense_cam/FindBoxPoints.h
Symlinking /home/aman/depowdering_ws/devel/include/realsense_cam/FetchOnePointCloudRequest.h
Symlinking /home/aman/depowdering_ws/devel/include/realsense_cam/FetchOneRGBResponse.h
Symlinking /home/aman/depowdering_ws/devel/include/realsense_cam/FetchOneRGB.h
Symlinking /home/aman/depowdering_ws/devel/include/realsense_cam/FetchOneDepthResponse.h
Symlinking /home/aman/depowdering_ws/devel/include/realsense_cam/SaveOneRGBRequest.h
Symlinking /home/aman/depowdering_ws/devel/include/realsense_cam/FetchOneDepth.h
Symlinking /home/aman/depowdering_ws/devel/include/realsense_cam/FindBoxPointsResponse.h
Symlinking /home/aman/depowdering_ws/devel/include/realsense_cam/SaveOnePCLResponse.h
Symlinking /home/aman/depowdering_ws/devel/include/realsense_cam/FetchOneRGBRequest.h
Symlinking /home/aman/depowdering_ws/devel/include/realsense_cam/FindWorkspaceCenter.h
Symlinking /home/aman/depowdering_ws/devel/include/realsense_cam/FindWorkspaceCenterResponse.h
Symlinking /home/aman/depowdering_ws/devel/include/realsense_cam/SaveOnePCL.h
Symlinking /home/aman/depowdering_ws/devel/include/realsense_cam/FindBoxPointsRequest.h
Symlinking /home/aman/depowdering_ws/devel/include/realsense_cam/FetchOnePointCloud.h
Symlinking /home/aman/depowdering_ws/devel/include/realsense_cam/SaveOneRGB.h
Symlinking /home/aman/depowdering_ws/devel/include/realsense_cam/FetchOnePointCloudResponse.h
Symlinking /home/aman/depowdering_ws/devel/share/common-lisp/ros/realsense_cam/srv/_package_FindWorkspaceCenter.lisp
Symlinking /home/aman/depowdering_ws/devel/share/common-lisp/ros/realsense_cam/srv/_package_SaveOneRGB.lisp
Symlinking /home/aman/depowdering_ws/devel/share/common-lisp/ros/realsense_cam/srv/FindWorkspaceCenter.lisp
Symlinking /home/aman/depowdering_ws/devel/share/common-lisp/ros/realsense_cam/srv/FetchOneRGB.lisp
Symlinking /home/aman/depowdering_ws/devel/share/common-lisp/ros/realsense_cam/srv/SaveOneRGB.lisp
Symlinking /home/aman/depowdering_ws/devel/share/common-lisp/ros/realsense_cam/srv/FetchOnePointCloud.lisp
Symlinking /home/aman/depowdering_ws/devel/share/common-lisp/ros/realsense_cam/srv/_package_FetchOneDepth.lisp
Symlinking /home/aman/depowdering_ws/devel/share/common-lisp/ros/realsense_cam/srv/FetchOneDepth.lisp
Symlinking /home/aman/depowdering_ws/devel/share/common-lisp/ros/realsense_cam/srv/_package_FetchOnePointCloud.lisp
Symlinking /home/aman/depowdering_ws/devel/share/common-lisp/ros/realsense_cam/srv/realsense_cam-srv.asd
Symlinking /home/aman/depowdering_ws/devel/share/common-lisp/ros/realsense_cam/srv/_package_FindBoxPoints.lisp
Symlinking /home/aman/depowdering_ws/devel/share/common-lisp/ros/realsense_cam/srv/FindBoxPoints.lisp
Symlinking /home/aman/depowdering_ws/devel/share/common-lisp/ros/realsense_cam/srv/_package_FetchOneRGB.lisp
Symlinking /home/aman/depowdering_ws/devel/share/common-lisp/ros/realsense_cam/srv/SaveOnePCL.lisp
Symlinking /home/aman/depowdering_ws/devel/share/common-lisp/ros/realsense_cam/srv/_package_SaveOnePCL.lisp
Symlinking /home/aman/depowdering_ws/devel/share/common-lisp/ros/realsense_cam/srv/_package.lisp
Symlinking /home/aman/depowdering_ws/devel/share/gennodejs/ros/realsense_cam/_index.js
Symlinking /home/aman/depowdering_ws/devel/share/gennodejs/ros/realsense_cam/srv/FetchOnePointCloud.js
Symlinking /home/aman/depowdering_ws/devel/share/gennodejs/ros/realsense_cam/srv/FindWorkspaceCenter.js
Symlinking /home/aman/depowdering_ws/devel/share/gennodejs/ros/realsense_cam/srv/_index.js
Symlinking /home/aman/depowdering_ws/devel/share/gennodejs/ros/realsense_cam/srv/FetchOneRGB.js
Symlinking /home/aman/depowdering_ws/devel/share/gennodejs/ros/realsense_cam/srv/SaveOnePCL.js
Symlinking /home/aman/depowdering_ws/devel/share/gennodejs/ros/realsense_cam/srv/FindBoxPoints.js
Symlinking /home/aman/depowdering_ws/devel/share/gennodejs/ros/realsense_cam/srv/SaveOneRGB.js
Symlinking /home/aman/depowdering_ws/devel/share/gennodejs/ros/realsense_cam/srv/FetchOneDepth.js
Symlinking /home/aman/depowdering_ws/devel/share/realsense_cam/cmake/realsense_camConfig-version.cmake
Symlinking /home/aman/depowdering_ws/devel/share/realsense_cam/cmake/realsense_cam-msg-paths.cmake
Symlinking /home/aman/depowdering_ws/devel/share/realsense_cam/cmake/realsense_camConfig.cmake
Symlinking /home/aman/depowdering_ws/devel/share/realsense_cam/cmake/realsense_cam-msg-extras.cmake
Symlinking /home/aman/depowdering_ws/devel/share/roseus/ros/realsense_cam/manifest.l
Symlinking /home/aman/depowdering_ws/devel/share/roseus/ros/realsense_cam/srv/FindBoxPoints.l
Symlinking /home/aman/depowdering_ws/devel/share/roseus/ros/realsense_cam/srv/SaveOneRGB.l
Symlinking /home/aman/depowdering_ws/devel/share/roseus/ros/realsense_cam/srv/SaveOnePCL.l
Symlinking /home/aman/depowdering_ws/devel/share/roseus/ros/realsense_cam/srv/FetchOneRGB.l
Symlinking /home/aman/depowdering_ws/devel/share/roseus/ros/realsense_cam/srv/FetchOneDepth.l
Symlinking /home/aman/depowdering_ws/devel/share/roseus/ros/realsense_cam/srv/FindWorkspaceCenter.l
Symlinking /home/aman/depowdering_ws/devel/share/roseus/ros/realsense_cam/srv/FetchOnePointCloud.l
Symlinking /home/aman/depowdering_ws/devel/lib/realsense_cam/realsense_cam
Symlinking /home/aman/depowdering_ws/devel/lib/python3/dist-packages/realsense_cam/__init__.py
Symlinking /home/aman/depowdering_ws/devel/lib/python3/dist-packages/realsense_cam/srv/__init__.py
Symlinking /home/aman/depowdering_ws/devel/lib/python3/dist-packages/realsense_cam/srv/_FindWorkspaceCenter.py
Symlinking /home/aman/depowdering_ws/devel/lib/python3/dist-packages/realsense_cam/srv/_FetchOnePointCloud.py
Symlinking /home/aman/depowdering_ws/devel/lib/python3/dist-packages/realsense_cam/srv/_FindBoxPoints.py
Symlinking /home/aman/depowdering_ws/devel/lib/python3/dist-packages/realsense_cam/srv/_SaveOneRGB.py
Symlinking /home/aman/depowdering_ws/devel/lib/python3/dist-packages/realsense_cam/srv/_FetchOneRGB.py
Symlinking /home/aman/depowdering_ws/devel/lib/python3/dist-packages/realsense_cam/srv/_FetchOneDepth.py
Symlinking /home/aman/depowdering_ws/devel/lib/python3/dist-packages/realsense_cam/srv/_SaveOnePCL.py
Symlinking /home/aman/depowdering_ws/devel/lib/pkgconfig/realsense_cam.pc
